<?xml version="1.0" encoding="UTF-8"?>
<!-- Generated by org.testng.reporters.JUnitXMLReporter -->
<testsuite hostname="DESKTOP-EVTG19V" ignored="0" name="Test" tests="1" failures="1" timestamp="08 Apr 2018 16:50:44 GMT" time="4.076" errors="0">
  <testcase name="test1" time="0.008" classname="test_cases.PingdomTest">
    <failure type="java.lang.NullPointerException">
      <![CDATA[java.lang.NullPointerException
at test_cases.PingdomTest.test1(PingdomTest.java:31)
... Removed 25 stack frames]]>
    </failure>
  </testcase> <!-- test1 -->
</testsuite> <!-- Test -->
